
> if-usp-ciencia@0.1.0 prebuild
> npm run step-zero


> if-usp-ciencia@0.1.0 step-zero
> node scripts/generate-id.js

Γ£à [V3.6] sw.js gerado a partir do template com ID: 1772673671263
Γ£à [V3.6] BUILD_ID '1772673671263' injetado em .env.production.local.

> if-usp-ciencia@0.1.0 build
> next build

Γû▓ Next.js 16.1.6 (Turbopack)
- Environments: .env.production.local, .env.local

node.exe : ΓÜá The 
"middleware" file 
convention is 
deprecated. Please use 
"proxy" instead. Learn 
more: https://nextjs.or
g/docs/messages/middlew
are-to-proxy
No linha:1 caractere:1
+ & "C:\Program 
Files\nodejs/node.exe" 
"C:\Program 
Files\nodejs/node_mo 
...
+ ~~~~~~~~~~~~~~~~~~~~~
~~~~~~~~~~~~~~~~~~~~~~~
~~~~~~~~~~~~~~~~~~~~~~~
~~
    + CategoryInfo     
         : NotSpecifi  
  ed: (ΓÜá The "midd   
 le...leware-to-pro    
xy:String) [], Rem    
oteException
    + FullyQualifiedEr 
   rorId : NativeComm  
  andError
 
  Creating an optimized production build ...

> Build error occurred
Error: Turbopack build 
failed with 2 errors:
./node_modules/resend/d
ist/index.mjs:79:21
Module not found: 
Can't resolve 
'@react-email/render'
[0m [90m 77 |[39m 	
[36mlet[39m 
render[33m;[39m
 [90m 78 |[39m 	
[36mtry[39m {
[31m[1m>[22m[39m[9
0m 79 |[39m 		
({render} [33m=[39m 
[36mawait[39m [36mim
port[39m([32m"@react-
email/render"[39m))[3
3m;[39m
 [90m    |[39m 		    
              [31m[1m
^[22m[39m[31m[1m^[
22m[39m[31m[1m^[22m
[39m[31m[1m^[22m[3
9m[31m[1m^[22m[39m
[31m[1m^[22m[39m[31
m[1m^[22m[39m[31m[
1m^[22m[39m[31m[1m^
[22m[39m[31m[1m^[2
2m[39m[31m[1m^[22m
[39m[31m[1m^[22m[39
m[31m[1m^[22m[39m[
31m[1m^[22m[39m[31m
[1m^[22m[39m[31m[1
m^[22m[39m[31m[1m^
[22m[39m[31m[1m^[22
m[39m[31m[1m^[22m[
39m[31m[1m^[22m[39m
[31m[1m^[22m[39m[3
1m[1m^[22m[39m[31m
[1m^[22m[39m[31m[1m
^[22m[39m[31m[1m^[
22m[39m[31m[1m^[22m
[39m[31m[1m^[22m[3
9m[31m[1m^[22m[39m
[31m[1m^[22m[39m
 [90m 80 |[39m 	} 
[36mcatch[39m {
 [90m 81 |[39m 		
[36mthrow[39m 
[36mnew[39m [33mErro
r[39m([32m"Failed to 
render React 
component. Make sure 
to install 
`@react-email/render` 
or `@react-email/compon
ents`."[39m)[33m;[39
m
 [90m 82 |[39m 	}[0m



Import traces:
  App Route:
    ./node_modules/rese
nd/dist/index.mjs
    ./src/lib/notificat
ions.ts
    ./src/app/api/notif
y/route.ts

  Client Component 
Browser:
    ./node_modules/rese
nd/dist/index.mjs 
[Client Component 
Browser]
    ./src/lib/notificat
ions.ts [Client 
Component Browser]
    ./src/app/arquivo/[
id]/CommentsSection.tsx
 [Client Component 
Browser]
    ./src/app/arquivo/[
id]/CommentsSection.tsx
 [Server Component]
    ./src/app/arquivo/[
id]/page.tsx [Server 
Component]

  Client Component SSR:
    ./node_modules/rese
nd/dist/index.mjs 
[Client Component SSR]
    ./src/lib/notificat
ions.ts [Client 
Component SSR]
    ./src/app/arquivo/[
id]/CommentsSection.tsx
 [Client Component SSR]
    ./src/app/arquivo/[
id]/CommentsSection.tsx
 [Server Component]
    ./src/app/arquivo/[
id]/page.tsx [Server 
Component]

https://nextjs.org/docs
/messages/module-not-fo
und


./node_modules/resend/d
ist/index.mjs:765:35
Module not found: 
Can't resolve 
'@react-email/render'
[0m [90m 763 |[39m 	
	[36mif[39m (payload
[33m.[39mreact) {
 [90m 764 |[39m 			
[36mif[39m ([33m![3
9m[36mthis[39m[33m.
[39mrenderAsync) 
[36mtry[39m {
[31m[1m>[22m[39m[9
0m 765 |[39m 				
[36mconst[39m { 
renderAsync } 
[33m=[39m 
[36mawait[39m [36mim
port[39m([32m"@react-
email/render"[39m)[33
m;[39m
 [90m     |[39m 				 
                       
      [31m[1m^[22m[
39m[31m[1m^[22m[39m
[31m[1m^[22m[39m[3
1m[1m^[22m[39m[31m
[1m^[22m[39m[31m[1m
^[22m[39m[31m[1m^[
22m[39m[31m[1m^[22m
[39m[31m[1m^[22m[3
9m[31m[1m^[22m[39m
[31m[1m^[22m[39m[31
m[1m^[22m[39m[31m[
1m^[22m[39m[31m[1m^
[22m[39m[31m[1m^[2
2m[39m[31m[1m^[22m
[39m[31m[1m^[22m[39
m[31m[1m^[22m[39m[
31m[1m^[22m[39m[31m
[1m^[22m[39m[31m[1
m^[22m[39m[31m[1m^
[22m[39m[31m[1m^[22
m[39m[31m[1m^[22m[
39m[31m[1m^[22m[39m
[31m[1m^[22m[39m[3
1m[1m^[22m[39m[31m
[1m^[22m[39m[31m[1m
^[22m[39m
 [90m 766 |[39m 				
[36mthis[39m[33m.[39
mrenderAsync 
[33m=[39m 
renderAsync[33m;[39m
 [90m 767 |[39m 			} 
[36mcatch[39m {
 [90m 768 |[39m 				
[36mthrow[39m 
[36mnew[39m [33mErro
r[39m([32m"Failed to 
render React 
component. Make sure 
to install `@react-emai
l/render`"[39m)[33m;
[39m[0m



Import traces:
  App Route:
    ./node_modules/rese
nd/dist/index.mjs
    ./src/lib/notificat
ions.ts
    ./src/app/api/notif
y/route.ts

  Client Component 
Browser:
    ./node_modules/rese
nd/dist/index.mjs 
[Client Component 
Browser]
    ./src/lib/notificat
ions.ts [Client 
Component Browser]
    ./src/app/arquivo/[
id]/CommentsSection.tsx
 [Client Component 
Browser]
    ./src/app/arquivo/[
id]/CommentsSection.tsx
 [Server Component]
    ./src/app/arquivo/[
id]/page.tsx [Server 
Component]

  Client Component SSR:
    ./node_modules/rese
nd/dist/index.mjs 
[Client Component SSR]
    ./src/lib/notificat
ions.ts [Client 
Component SSR]
    ./src/app/arquivo/[
id]/CommentsSection.tsx
 [Client Component SSR]
    ./src/app/arquivo/[
id]/CommentsSection.tsx
 [Server Component]
    ./src/app/arquivo/[
id]/page.tsx [Server 
Component]

https://nextjs.org/docs
/messages/module-not-fo
und


    at <unknown> (https
://nextjs.org/docs/mess
ages/module-not-found)
    at <unknown> (https
://nextjs.org/docs/mess
ages/module-not-found)
